[   0.00000]Liux version 4.15.0-66-gener (budd@l01-a64-0) (gcversi 7.4. (buntu 4.0-1ubunt~18.04.1)#75-untuSM TueOc 1 024:0UTC 2019(Ubuntu 4.15.0-66.75generic.15.)
[  0.0000]ommanlineBOOT_AGE=/ot/vmlinuz-4.15.0-66-geric roo=LBEL=oudimg-rtfs roonso=tty1 coole=tyS
[  0.00000 KERNEL supported cpus:
[  0.0000] InteGenueIntel
[    0.000000]   AMD AuthenticAMD
[    0.000000]   Centaur CentaurHauls
[    0.000000] x86/fpu: Supporting XSAVE feature 0x001: 'x87 floating point registers'
[    0.000000] x86/fpu: Supporting XSAVE feature 0x002: 'SSE registers'
[    0.000000] x86/fpu: Supporting XSAVE feature 0x004: 'AVX registers'
[    0.000000] x86/f: xste_offset[2  57 xstatsizes[2]:  256
[    0.000000] x86/fpu: Enabled xstate features 0x7, context size is 832 bytes, using 'standard' format.
[    0.000000] e820: BIOS-provided physical RAM map:
[    0.000000] BIOS-e820: [mem 0x0000000000000000-0x000000000009fbff] usable
[    0.000000] BIOS-e820: [mem 0x000000000009fc00-0x000000000009ffff] reserved
[    0.000000] BIOS-e820: [mem 0x00000000000f0000-0x00000000000fffff] reserved
[    0.000000] BIOS-e820: [mem 0x0000000000100000-0x000000007ffeffff] usable
[    0.000000] BIOS-e820: [mem 0x000000007fff0000-0x0000000077fffffff] ACPI data
[    0.000000] BIOS-e820: [mem 0x00000000fec00000-0x00000000fec00fff] reserved[   .0000] BS-e80:[me0x000000fe00000x000000f00fff] rerved
   0.0000]IOS-e820: em 0x000000fffc00-000000ffffffff] reserved
[    0.000000] NX (Execute Disable) protection: active
[    0.000000] SMBIOS 2.5 present.
[    0.000000] DMI: innotek GmbH VirtualBox/VirtualBox, BIOS VirtualBox 12/01/2006
[    0.000000] Hypervisor detected: KVM
[    0.000000] e820: last_pfn = 0x7fff0 max_arch_pfn = 0x400000000
[  0.0000] RR: sabld
[    0.000000] x86/PAT: MTRRs disabled, skipping PAT initialization too.
[    0.000000] CPU MTRRs all blank - virtualized system.
[    0.000000] x86/PAT: Configuration [0-7]: WB  WT  UC- UC  WB  WT  UC- UC  
[    0.000000] found SMP MP-table at [mem 0x0009fff0-0x0009ffff]
[    0.000000] Scanning 1 areas for low memory corruption
[    0.000000] RAMDISK: [mem 0x35a8b000-0x36d3cfff]
[    0.000000] ACPI: Early table checksum verification disabled
[    0.000000] ACPI: RSDP 0x0000000000E0000 000024 (v02 VBOX  )
[    0.000000] ACPI: XSDT 0x000000007FFF0030 00003C (v01 VBOX   VBOXXSDT 0000001 ASL 000061)
   0.000000] ACP FAC0x000000FF00F0 0000F4 (v04 VBOX   VBOACP 00000001 ASL  00000061)
[    0.000000] ACPI: DSDT 0x000000007FFF0470 0021FF (v02 VBOX   VBOXBIOS 000002NTL 201008)
[    0.0000] PI: FAS x000000007FFF0200 000040
[  0.000000] ACPI: FACS 0x0000007FFF0200 0004
[  0.00000] ACP APIC 0000000FFF4000005C 02 VBO  VBOXAP 000001 AS 000061)
[  0.0000] AC: SS 0x0000007FFFA0 00CC (v0VBOX   BOCPUT 00002 INTL 20100528)
[    0.000000] No NUMA cfigution oud
[  0.0000] Fakg a de at [mem 00000000000000-0x000000007ffeffff]
[  0.0000]ODE_DATA(0) allocated [mem 0x7ffc5000-0x7ffeffff]
[    0.000000] kvm-clock: cpu 0, msr 0:7ff44001, primary cpu clock
[    0.000000] kvm-clock: Using msrs 4b564d01 and 4b564d00
[    0.000000] kvm-clock: using sched offset of 3807933008 cycles
[    0.000000] clocksource: kvm-clock: mask: 0xffffffffffffffff max_cycl: 0x142e4dffb, max_idle_ns: 881590591483 ns
[    0.000000] Zone ranges:
[    0.000000]   DMA      [mem 0x0000000000001000-0x0000000000ffffff]
[    0.000000]   DMA32    [mem 0x0000000001000000-0x000000007ffeffff]
[    0.000000]   Normal   empty
[    0.000000]   Device   empty
[    0.000000] Movable zone start for each node
[    0.000000] Early memory node ranges
[    0.000000]   node   0: [mem 0x0000000000001000-0x000000000009efff]
[    0.000000]   node   0: [mem 0x0000000000100000-0x000000007ffeffff]
[    0.000000] Reserved but unavailable: 98 pages
[    0.000000] Initmem setup node 0 [mem 0x0000000000001000-0x0000000007ffeffff]
[    0.000000] ACPI: PM-Timer IO Port: 0x4008
[    0.000000] IOAPIC[0]: apic_id 2, version 32, address 0xfec00000, GSI 0-23
[    0.000000] ACPI: INT_SRC_OVR (bus 0 bus_irq 0 global_irq 2 dfl dfl)
[    0.000000] ACPI: INT_SRC_OVR (bus 0 bus_irq 9 global_irq 9 low level)
[    0.000000] Using ACPI (MADT) for SMP configuration information
[    0.000000] smpboot: Allowing 2 CPUs, 0 hotplug CPUs
[    0.000000] PM: Registered nosave memory: [mem 0x00000000-0x00000fff]
[    0.000000] PM: Registered nosave memory: [mem 0x0009f000-0x0009ffff]
[    0.000000] PM: Registered nosave memory: [mem 0x000a0000-0x000effff]
[    0.000000] PM: Registered nosave memory: [mem 0x000f0000-0x000fffff]
[    0.000000] e820: [mem 0x80000000-0xfebfffff] available for PCI devices
[    0.000000] Booting paravirtualized kernel on KVM[    0.000000] clocksource: refined-jiffies: mask: 0xffffffff max_cycles: 0xffffffff, max_idle_ns: 764196011568s
[  0.0000]ando get_andom_bytesalled fm start_kernel+0x99/0x4fd with crng_init=0
[    0.000000] setup_percpu: NR_CPUS:8192 ncpumk_bits:nr_c_ids:2 _nodids:1[   .000000]percu:Embeed 4 pges/cpu 51552 r81922867u10457
[   .000000] PV qspinlock hash table entries: 256 (order: 0, 4096 bytes)
[  0.0000]Bult 1 zonistsmobility grouping on.  Total pages: 515961
[  0.00000 Policy zo: DM2
[   0.000000] Kernel commndlineBOOT_IMAGE=/boot/vmlinuz-4.15.0-66-generic root=LABEL=cloudimg-rootfs ro console=tty1 console=ttyS0
[    0.000000] Memory: 2015628K/2096696K available (12300K kernel code, 2481K rwdata, 4260rodat, 436Knit, 88K s, 8108Kreserv, 0K cm-rseve)
[   0.0000] UB: alig=6, Oer=03, MinObjects=0, CPUs=2, Nodes=1
[    0000] Kern/User page tables isolation: enabl
[    0.00000 ftre: aocating9306 entriein 1 pages
[    0.004000] Hierarchical RCU implementation.
[    0.004000] 	RCU restricting CPUs from NR_CPUS=8192 to nr_cpu_ids=2.
[    0.004000] 	Tasks RCU enabled.
[    0.004000] RCU: Adjusting geometry for rcu_fanout_leaf=16, nr_cpu_ids=2[    0.004000] NR_IRQS: 524544, nr_irqs: 440, prelocad ir: 16
[   00040] Console: colour VGA+ 80x25
[  0.0000] console [tty enale
[  0.004000] console [ttyS0] enabled
[    0.004000] ACPI: Core revision 20170831
[    0.004000] ACPI: 2 ACPI AML tables successfully acquired and loaded
[    0.004000] APIC: Switch to symmetric I/O mode setup
[    0.004000] x2apic enabled
[    0.004000] Switched APIC routing to physical x2apic.
[    0.004000] ..TIMER: vector=0x30 apic1=0 pin1=2 apic2=-1 pin2=-1
[  0..004005] tsc: Detected 1991.998 MHz processor
[    0.008012] Calibrating delay loop (skipped) preset value.. 3983.99 BogoMIPS (lpj=7967992)
[    0.012008] pid_max: default: 32768 minimum: 301
[    0.016049] Security Framework initialized
[    0.020009] Yama: becoming mindful.
[    0.021037] AppArmor: AppArmor initialized
[    0.027326] Dentry cache hash table entries: 262144 (order: 9, 2097152 bytes)
[    0.032087] Inode-cache hash table entries: 131072 (order: 8, 1048576 bytes)
[    0.036027] Mount-cache hash table entries: 4096 (order: 3, 32768 bytes)
[    0.037648] Mountpoint-cache hash table entries: 4096 (order: 3, 32768 bytes)
[    0.040269] Last level iTLB entries: 4KB 64, 2MB 8, 4MB 8
[    0.044010] Last level dTLB entries: 4KB 64, 2MB 0, 4MB 0, 1GB 4
[    0.048008] Spectre V1 : Mitigation: usercopy/swapgs barriers and __user pointer sanitization
[    0.052007] Spectre V2 : Mitigation: Full generic retpoline
[    0.056007] Spectre V2 : Spectre v2 / SpectreRSB mitigation: Filling RSB on context switch
[    0.060025] Speculative Store Bypass: Vulnerable
[    0.064047] MDS: Mitigation: Clear CPU buffers
[    0.068250] Freeing SMP alternatives memory: 36K
[    0.182975] smpboot: CPU0: Intel(R) Core(TM) i7-8550U CPU @ 1.80GHz (family: 0x6, model: 0x8e, stepping: 0xa)
[    0.184095] Performance Events: unsupported p6 CPU model 142 no PMU driver, software events only.
[    0.188037] Hierarchical SRCU implementation.
[    0.189785] NMI watchdog: Perf event create on CPU 0 failed with -2
[    0.192003] NMI watchdog: Perf NMI watchdog permanently disabled
[    0.193884] smp: Bringing up secondary CPUs ...
[    0.196117] x86: Booting SMP configuration:
[    0.200010] .... node  #0, CPUs:      #1
[    0.004000] kvm-clock: cpu 1, msr 0:7ff44041, secondary cpu clock
[    0.310317] smp: Brought up 1 node, 2 CPUs
[    0.312012] smpboot: Max logical packages: 1
[    0.316008] smpboot: Total of 2 processors activated (7967.99 BogoMIPS)
[    0.320228] devtmpfs: initialized
[    0.324072] x86/mm: Memory block size: 128MB
[    0.328231] evm: security.selinux
[    0.332014] evm: security.SMACK64
[    0.336006] evm: security.SMACK64EXEC
[    0.336924] evm: security.SMACK64TRANSMUTE
[    0.340005] evm: security.SMACK64MMAP
[    0.344006] evm: security.apparmor
[    0.348006] evm: security.ima
[    0.352005] evm: security.capability
[    0.360113] clocksource: jiffies: mask: 0xffffffff max_cycles: 0xffffffff, max_idle_ns: 7645041785100000 ns
[    0.364009] futex hash table entries: 512 (order: 3, 32768 bytes)
[    0.365461] pinctrl core: initialized pinctrl subsystem
[    0.366791] RTC time: 12:35:04, date: 11/06/19
[    0.368172] NET: Registered protocol family 16
[    0.369341] audit: initializing netlink subsys (disabled)
[    0.372055] audit: type=2000 audit(1573043696.603:1): state=initialized audit_enabled=0 res=1
[    0.376007] cpuidle: using governor ladder
[    0.377096] cpuidle: using governor menu
[    0.378141] ACPI: bus type PCI registered
[    0.380003] acpiphp: ACPI Hot Plug PCI Controller Driver version: 0.5
[    0.381633] PCI: Using configuration type 1 for base access
[    0.387023] HugeTLB registered 2.00 MiB page size, pre-allocated 0 pages
[    0.388099] ACPI: Added _OSI(Module Device)
[    0.389320] ACPI: Added _OSI(Processor Device)
[    0.392008] ACPI: Added _OSI(3.0 _SCP Extensions)
[    0.393200] ACPI: Added _OSI(Processor Aggregator Device)
[    0.394852] ACPI: Added _OSI(Linux-Dell-Video)
[    0.396012] ACPI: Added _OSI(Linux-Lenovo-NV-HDMI-Audio)
[    0.400004] ACPI: Added _OSI(Linux-HPI-Hybrid-Graphics)
[    0.401627] ACPI: Executed 1 blocks of module-level executable AML code
[    0.407099] ACPI: Interpreter enabled
[    0.408014] ACPI: (supports S0 S5)
[    0.409172] ACPI: Using IOAPIC for interrupt routing
[    0.412272] PCI: Using host bridge windows from ACPI; if necessary, use "pci=nocrs" and report a bug
[    0.416217] ACPI: Enabled 2 GPEs in block 00 to 07
[    0.424048] ACPI: PCI Root Bridge [PCI0] (domain 0000 [bus 00-ff])
[    0.428010] acpi PNP0A03:00: _OSC: OS supports [ASPM ClockPM Segments MSI]
[    0.429649] acpi PNP0A03:00: _OSC: not requesting OS control; OS requires [ExtendedConfig ASPM ClockPM MSI]
[    0.432012] acpi PNP0A03:00: fail to add MMCONFIG information, can't access extended PCI configuration space under this bridge.
[    0.436589] PCI host bridge to bus 0000:00
[    0.440012] pci_bus 0000:00: root bus resource [io  0x0000-0x0cf7 window]
[    0.444005] pci_bus 0000:00: root bus resource [io  0x0d00-0xffff window]
[    0.448004] pci_bus 0000:00: root bus resource [mem 0x000a0000-0x000bffff window]
[    0.449861] pci_bus 0000:00: root bus resource [mem 0x80000000-0xfdffffff window]
[    0.452003] pci_bus 0000:00: root bus resource [bus 00-ff]
[    0.458131] pci 0000:00:01.1: legacy IDE quirk: reg 0x10: [io  0x01f0-0x01f7]
[    0.460002] pci 0000:00:01.1: legacy IDE quirk: reg 0x14: [io  0x03f6]
[    0.464004] pci 0000:00:01.1: legacy IDE quirk: reg 0x18: [io  0x0170-0x0177]
[    0.465715] pci 0000:00:01.1: legacy IDE quirk: reg 0x1c: [io  0x0376]
[    0.500461] pci 0000:00:07.0: quirk: [io  0x4000-0x403f] claimed by PIIX4 ACPI
[    0.504028] pci 0000:00:07.0: quirk: [io  0x4100-0x410f] claimed by PIIX4 SMB
[    0.520007] ACPI: PCI Interrupt Link [LNKA] (IRQs 5 9 10 *11)
[    0.524370] ACPI: PCI Interrupt Link [LNKB] (IRQs 5 9 *10 11)
[    0.528171] ACPI: PCI Interrupt Link [LNKC] (IRQs 5 *9 10 11)
[    0.532195] ACPI: PCI Interrupt Link [LNKD] (IRQs 5 9 10 *11)
[    0.536446] SCSI subsystem initialized
[    0.540077] pci 0000:00:02.0: vgaarb: setting as boot VGA device
[    0.544000] pci 0000:00:02.0: vgaarb: VGA device added: decodes=io+mem,owns=io+mem,locks=none
[    0.544011] pci 0000:00:02.0: vgaarb: bridge control possible
[    0.548007] vgaarb: loaded
[    0.552054] ACPI: bus type USB registered
[    0.556043] usbcore: registered new interface driver usbfs
[    0.560037] usbcore: registered new interface driver hub
[    0.564048] usbcore: registered new device driver usb
[    0.568135] EDAC MC: Ver: 3.0.0
[    0.576259] PCI: Using ACPI for IRQ routing
[    0.584217] NetLabel: Initializing
[    0.588006] NetLabel:  domain hash size = 128
[    0.592005] NetLabel:  protocols = UNLABELED CIPSOv4 CALIPSO
[    0.593359] NetLabel:  unlabeled traffic allowed by default
[    0.596080] clocksource: Switched to clocksource kvm-clock
[    0.59] FSDi qtadqt_.6.0
[    1.115] VS:quot-cache hash table entries: 512 (order, 96bys)[  1.66598Aprmr:ppmoFisyemnale

[    2.138810] pnp: PnP ACPI init
[  2481]np PnP ACPI: found 3 devices

[    2.374619] clocksource: acpi_pm: mask: 0xffffff max_cycles: 0xffffff, max_idle_ns: 2085701024 ns
[    2.377349] NET: Registered protocol family 2
[    2.378612] TCP established hash table entries: 16384 (order: 5, 131072 bytes)
[    2.380517] TCP bind hash table entries: 16384 (order: 6, 262144 bytes)
[    2.382290] TCP: Hash tables configured (established 16384 bind 163)  2.4615UDP shab eri: 24orr:, 328 te
  3.90] P-ithah ble enries: 1024orr:, 76bys)[  4028]NE Ristered otolamy 
[    5409] i 000:.0: Litg re P/P tnsrs
[    5.2810 p 00::00:ctivating ISA DMA han workarous
[    5.743780] pci 000:2. Veodeceitshow ROatme0x0c000x0dff
[   6.644] Unpacking initmf..

[    7.144100] Freeing initrd memory: 19144K
[    7.243177] clocksource: tsc: mask: 0xffffffffffffffff max_cycles: 0x396d4e5fc9d, max_idle_ns: 881590756024 ns
[    7.427436] platform rtc_cmos: registered platform RTC device (no PNP device found)
[    7.539867] Scanning for low memory corruption every 60 seconds
[    7.635831] Initialise system trusted keyrings
[    7.718870] Key type blacklist registered
[    7.773410] workingset: timestamp_bits=36 max_order=19 bucket_order=0
[    7.776151] zbud: loaded
[    7.803446] squashfs: version 4.0 (2009/01/31) Phillip Lougher
[    7.805146] fuse init (API version 7.26)
[    7.808896] Key type asymmetric registered
[    7.809946] Asymmetric key parser 'x509' registered
[    7.811256] Block layer SCSI generic (bsg) driver version 0.4 loaded (major 246)
[    7.813245] io scheduler noop registered
[    7.814261] io scheduler deadline registered
[    7.815412] io scheduler cfq registered (default)
[    7.816916] ACPI: AC Adapter [AC] (on-line)
[    7.818020] input: Power Button as /devices/LNXSYSTM:00/LNXPWRBN:00/input/input0
[    7.819978] ACPI: Power Button [PWRF]
[    7.821276] input: Sleep Button as /devices/LNXSYSTM:00/LNXSLPBN:00/input/input1
[    7.823436] ACPI: Sleep Button [SLPF]
[    7.825642] ACPI: Battery Slot [BAT0] (battery present)
[    7.827074] Serial: 8250/16550 driver, 32 ports, IRQ sharing enabled
[    7.851374] 00:02: ttyS0 at I/O 0x3f8 (irq = 4, base_baud = 115200) is a 16550A
[    7.864915] Linux agpgart interface v0.103
[    7.984474] loop: module loaded
[    8.063036] scsi host0: ata_piix
[    82533sc host1: atpi
    8.408133] ata1: PATA max UDMA/33 cmd 0x1f0 ctl 0x3f6 bmdma 0xd000 irq 14
[    8.594708] ata2: PATA max UDMA/33 cmd 0x170 ctl 0x376 bmdma 0xd008 irq 15
[    8.611265] libphy: Fixed MDIO Bus: probed
[    8.700934] tun: Universal TUN/TAP device driver, 1.6
[    8.702400] PPP generic driver version 2.4.2
[    8.749827] ehci_hcd: USB 2.0 'Enhanced' Host Controller (EHCI) Driver
[    8.778118] ehci-pci: EHCI PCI platform driver
[    8.779260] ehci-platform: EHCI generic platform driver
[    8.780573] ohci_hcd: USB 1.1 'Open' Host Controller (OHCI) Driver
[    8.782015] ohci-pci: OHCI PCI platform driver
[    8.783109] ohci-platform: OHCI generic platform driver
[    8.784427] uhci_hcd: USB Universal Host Controller Interface driver
[    8.785956] i8042: PNP: PS/2 Controller [PNP0303:PS2K,PNP0f03:PS2M] at 0x60,0x64 irq 1,12
[    8.822965] serio: i8042 KBD port at 0x60,0x64 irq 1
[    8.883720] serio: i8042 AUX port at 0x60,0x64 irq 12
[    8.897713] mousedev: PS/2 mouse device common for all mice
[    8.899856] input: AT Translated Set 2 keyboard as /devices/platform/i8042/serio0/input/input2
[    8.902243] rtc_cmos rtc_cmos: rtc core: registered rtc_cmos as rtc0
[    8.904425] rtc_cmos rtc_cmos: alarms up to one day, 114 bytes nvram
[    8.957177] i2c /dev entries driver
[    9.019374] device-mapper: uevent: version 1.0.3
[    9.129028] device-mapper: ioctl: 4.37.0-ioctl (2017-09-20) initialised: dm-devel@redhat.com
[    9.180138] ledtrig-cpu: registered to indicate activity on CPUs
[    9.336181] NET: Registered protocol family 10
[    9.389412] Segment Routing with IPv6
[    9.412019] NET: Registered protocol family 17
[    9.420321] Key type dns_resolver registered
[    9.434110] mce: Using 0 MCE banks
[    9.460718] RAS: Correctable Errors collector initialized.
[    9.500899] sched_clock: Marking stable (9500827152, 0)->(24025586948, -14524759796)
[    9.643569] registered taskstats version 1
[    9.755437] Loading compiled-in X.509 certificates
[    9.866381] Loaded X.509 cert 'Build time autogenerated kernel key: 01a66adcc10ca4ce7676a3458c33483b0e2b806e'
[    9.978195] zswap: loaded using pool lzo/zbud
[    9.997633] Key type big_key registered
[    9.998668] Key type trusted registered
[   10.001083] Key type encrypted registered
[   10.002090] AppArmor: AppArmor sha1 policy hashing enabled
[   10.003434] ima: No TPM chip found, activating TPM-bypass! (rc=-19)
[   10.004984] ima: Allocated hash algorithm: sha1
[   10.006263] evm: HMAC attrs: 0x1
[   10.007358]   Magic number: 11:781:581
[   10.008527] rtc_cmos rtc_cmos: setting system clock to 2019-11-06 12:35:15 UTC (1573043715)
[   10.010841] BIOS EDD facility v0.16 2004-Jun-25, 0 devices found
[   10.017734] EDD information not available.
[   10.034446] Freeing unused kernel image memory: 2436K
[   10.056721] Write protecting the kernel read-only data: 20480k
[   10.065461] Freeing unused kernel image memory: 2008K
[   11.151226] Freeing unused kernel image memory: 1884K
[   12.316695] x86/mm: Checked W+X mappings: passed, no W+X pages found.
[   13.709172] x86/mm: Checking user space page tables
[   14.857724] x86/mm: Checked W+X mappings: passed, no W+X pages found.
Loading, please wait...
starting version 237
[   16.443308] e1000: Intel(R) PRO/1000 Network Driver - version 7.3.21-k8-NAPI
[   16.485090] e1000: Copyright (c) 1999-2006 Intel Corporation.
[   16.494817] Fusion MPT base driver 3.04.20
[   16.496109] Copyright (c) 1999-2008 LSI Corporation
[   16.497687] AVX2 version of gcm_enc/dec engaged.
[   16.520175] AES CTR mode by8 optimization enabled
[   16.533845] Fusion MPT SPI Host driver 3.04.20
[   16.759776] input: ImExPS/2 Generic Explorer Mouse as /devices/platform/i8042/serio1/input/input4
[   16.898235] e1000 0000:00:03.0 eth0: (PCI:33MHz:32-bit) 02:c7:16:cf:84:50
[   17.111341] e1000 0000:00:03.0 eth0: Intel(R) PRO/1000 Network Connection
[   17.293266] mptbase: ioc0: Initiating bringup
[   17.293396] e1000 0000:00:03.0 enp0s3: renamed from eth0
[   17.512261] ioc0: LSI53C1030 A0: Capabilities={Initiator}
[   18.533547] scsi host2: ioc0: LSI53C1030 A0, FwRev=00000000h, Ports=1, MaxQ=256, IRQ=20
[   20.655460] scsi 2:0:0:0: Direct-Access     VBOX     HARDDISK         1.0  PQ: 0 ANSI: 5
[   20.876629] scsi target2:0:0: Beginning Domain Validation
[   20.939894] scsi target2:0:0: Domain Validation skipping write tests
[   21.057345] scsi target2:0:0: Ending Domain Validation
[   21.072816] scsi target2:0:0: asynchronous
[   21.080598] scsi 2:0:1:0: Direct-Access     VBOX     HARDDISK         1.0  PQ: 0 ANSI: 5
[   21.220054] scsi target2:0:1: Beginning Domain Validation
[   21.325012] random: fast init done
[   21.952921] scsi target2:0:1: Domain Validation skipping write tests
[   21.954510] scsi target2:0:1: Ending Domain Validation
[   21.955959] scsi target2:0:1: asynchronous
[   21.961686] random: systemd-udevd: uninitialized urandom read (16 bytes read)
[   21.977830] sd 2:0:0:0: Attached scsi generic sg0 type 0
[   22.085603] random: systemd-udevd: uninitialized urandom read (16 bytes read)
[   22.085869] sd 2:0:1:0: Attached scsi generic sg1 type 0
[   22.205283] random: systemd-udevd: uninitialized urandom read (16 bytes read)
[   22.423100] sd 2:0:0:0: [sda] 20971520 512-byte logical blocks: (10.7 GB/10.0 GiB)
[   22.531536] sd 2:0:1:0: [sdb] 20480 512-byte logical blocks: (10.5 MB/10.0 MiB)
[   22.628527] sd 2:0:0:0: [sda] Write Protect is off
[   22.687781] sd 2:0:1:0: [sdb] Write Protect is off
[   23.626103] sd 2:0:0:0: [sda] Incomplete mode parameter data
[   23.626382] sd 2:0:1:0: [sdb] Incomplete mode parameter data
[   23.719895] sd 2:0:0:0: [sda] Assuming drive cache: write through
[   23.754016] sd 2:0:1:0: [sdb] Assuming drive cache: write through
[   23.806139]  sda: sda1
[   23.810807] sd 2:0:1:0: [sdb] Attached SCSI disk
[   23.880049] sd 2:0:0:0: [sda] Attached SCSI disk
Begin: Loading essential drivers ... [   25.532564] raid6: sse2x1   gen() 12964 MB/s
[   25.628391] raid6: sse2x1   xor()  9112 MB/s
[   25.752355] raid6: sse2x2   gen() 15942 MB/s
[   25.876023] raid6: sse2x2   xor() 10543 MB/s
[   26.072182] raid6: sse2x4   gen() 18214 MB/s
[   26.208821] raid6: sse2x4   xor() 11028 MB/s
[   26.264400] raid6: avx2x1   gen() 25546 MB/s
[   26.372038] raid6: avx2x1   xor() 17421 MB/s
[   26.424738] raid6: avx2x2   gen() 30885 MB/s
[   26.540015] raid6: avx2x2   xor() 19211 MB/s
[   26.704034] raid6: avx2x4   gen() 20457 MB/s
[   26.848506] raid6: avx2x4   xor() 21256 MB/s
[   26.940652] raid6: using algorithm avx2x2 gen() 30885 MB/s
[   26.994279] raid6: .... xor() 19211 MB/s, rmw enabled
[   27.037723] raid6: using avx2x2 recovery algorithm
[   27.040009] xor: automatically using best checksumming function   avx       
[   27.145510] async_tx: api initialized (async)
done.
Begin: Running /scripts/init-premount ... done.
Begin: Mounting root file system ... Begin: Running /scripts/lo[   27.303061] Btrfs loaded, crc32c=crc32c-intel
cal-top ... done.
Begin: Running /scripts/local-premount ... Scanning for Btrfs filesystems
done.
Warning: fs[   27.332841] EXT4-fs (sda1): mounted filesystem with ordered data mode. Opts: (null)
ck not present, so skipping root file system
done.
Begin: Running /scripts/local-bottom ... done.
Begin: Running /scripts/init-bottom ... done.
[   27.574669] ip_tables: (C) 2000-2006 Netfilter Core Team
[   27.620056] systemd[1]: systemd 237 running in system mode. (+PAM +AUDIT +SELINUX +IMA +APPARMOR +SMACK +SYSVINIT +UTMP +LIBCRYPTSETUP +GCRYPT +GNUTLS +ACL +XZ +LZ4 +SECCOMP +BLKID +ELFUTILS +KMOD -IDN2 +IDN -PCRE2 default-hierarchy=hybrid)
[   27.625528] systemd[1]: Detected virtualization oracle.
[   27.626921] systemd[1]: Detected architecture x86-64.

Welcome to [1mUbuntu 18.04.3 LTS[0m!

[   27.633739] systemd[1]: Set hostname to <ubuntu-bionic>.
[   27.900853] systemd[1]: Created slice System Slice.
[[0;32m  OK  [0m] Created slice System Slice.
[   27.903459] systemd[1]: Set up automount Arbitrary Executable File Formats File System Automount Point.
[[0;32m  OK  [0m] Set up automount Arbitrary Executab…rmats File System Automount Point.
[   27.907450] systemd[1]: Reached target Swap.
[[0;32m  OK  [0m] Reached target Swap.
[   27.909415] systemd[1]: Started Forward Password Requests to Wall Directory Watch.
[[0;32m  OK  [0m] Started Forward Password Requests to Wall Directory Watch.
[   28.301612] systemd[1]: Created slice system-serial\x2dgetty.slice.
[[0;32m  OK  [0m] Created slice system-serial\x2dgetty.slice.
[   29.686654] systemd[1]: Listening on udev Control Socket.
[[0;32m  OK  [0m] Listening on udev Control Socket.
[[0;32m  OK  [0m] Listening on /dev/initctl Compatibility Named Pipe.
[[0;32m  OK  [0m] Listening on LVM2 poll daemon socket.
[[0;32m  OK  [0m] Listening on udev Kernel Socket.
[[0;32m  OK  [0m] Reached target User and Group Name Lookups.
[[0;32m  OK  [0m] Listening on Journal Socket (/dev/log).
[[0;32m  OK  [0m] Listening on Device-mapper event daemon FIFOs.
[[0;32m  OK  [0m] Listening on Syslog Socket.
[[0;32m  OK  [0m] Created slice User and Session Slice.
[[0;32m  OK  [0m] Reached target Slices.
[[0;32m  OK  [0m] Listening on LVM2 metadata daemon socket.
[[0;32m  OK  [0m] Listening on Journal Audit Socket.
[[0;32m  OK  [0m] Listening on Journal Socket.
         Starting Monitoring of LVM2 mirrors…ng dmeventd or progress polling...
         Starting Journal Service...
         Mounting Kernel Debug File System...
         Starting Remount Root and Kernel File Systems...
[   30.746592] EXT4-fs (sda1): re-mounted. Opts: (null)
         Starting Set the console keyboard layout...
         Starting Load Kernel Modules...[   30.864800] Loading iSCSI transport class v2.0-870.

         Starting Create [   31.013126] iscsi: registered transport (tcp)
list of required st…ce nodes f[   31.066964] iscsi: registered transport (iser)
or the current kernel...
         Starting udev Coldplug all Devices...
         Starting Uncomplicated firewall...
         Mounting POSIX Message Queue File System...
[[0;32m  OK  [0m] Reached target System Time Synchronized.
[[0;32m  OK  [0m] Listening on Network Service Netlink Socket.
         Mounting Huge Pages File System...
[[0;32m  OK  [0m] Started Journal Service.
[[0;32m  OK  [0m] Mounted Kernel Debug File System.
[[0;32m  OK  [0m] Started Remount Root and Kernel File Systems.
[[0;32m  OK  [0m] Started Load Kernel Modules.
[[0;32m  OK  [0m] Started Create list of required sta…vice nodes for the current kernel.
[[0;32m  OK  [0m] Started Uncomplicated firewall.
[[0;32m  OK  [0m] Mounted POSIX Message Queue File System.
[[0;32m  OK  [0m] Mounted Huge Pages File System.
[[0;32m  OK  [0m] Started udev Coldplug all Devices.
[[0;32m  OK  [0m] Started LVM2 metadata daemon.
[   31.768245] random: crng init done
[   31.784054] random: 7 urandom warning(s) missed due to ratelimiting
         Starting Create Static Device Nodes in /dev...
         Starting Apply Kernel Variables...
         Mounting FUSE Control File System...
         Mounting Kernel Configuration File System...
         Starting Load/Save Random Seed...
         Starting Flush Journal to Persistent Storage...
[[0;32m  OK  [0m] Started Monitoring of LVM2 mirrors,…sing dmeventd or progress polling.
[[0;32m  OK  [0m] Started Set the console keyboard layout.
[[0;32m  OK  [0m] Started Create Static Device Nodes in /dev.
[[0;32m  OK  [0m] Started Apply Kernel Variables.
[[0;32m  OK  [0m] Mounted FUSE Control File System.
[[0;32m  OK  [0m] Mounted Kernel Configuration File System.
[[0;32m  OK  [0m] Started Load/Save Random Seed.
         Starting udev Kernel Device Manager...
[[0;32m  OK  [0m] Reached target Local File Systems (Pre).
[[0;32m  OK  [0m] Reached target Local File Systems.
         Starting Tell Plymouth To Write Out Runtime Data...
         Starting ebtables ruleset management...
         Starting AppArmor initialization...
         Starting Set console font and keymap...
[[0;32m  OK  [0m] Started udev Kernel Device Manager.
[[0;32m  OK  [0m] Started Tell Plymouth To Write Out Runtime Data.
[[0;32m  OK  [0m] Started Set console font and keymap.
[[0;32m  OK  [0m] Found device /dev/ttyS0.
[[0;32m  OK  [0m] Started Flush Journal to Persistent Storage.
[[0;32m  OK  [0m] Started ebtables ruleset management.
         Starting Create Volatile Files and Directories...
[[0;32m  OK  [0m] Listening on Load/Save RF Kill Switch Status /dev/rfkill Watch.
[[0;32m  OK  [0m] Started Dispatch Password Requests to Console Directory Watch.
[[0;32m  OK  [0m] Reached target Local Encrypted Volumes.
[[0;32m  OK  [0m] Started AppArmor initialization.
[[0;32m  OK  [0m] Started Create Volatile Files and Directories.
         Starting Update UTMP about System Boot/Shutdown...
         Starting Initial cloud-init job (pre-networking)...
[[0;32m  OK  [0m] Started Update UTMP about System Boot/Shutdown.
[   34.296452] cloud-init[584]: Cloud-init v. 19.2-36-g059d049c-0ubuntu2~18.04.1 running 'init-local' at Wed, 06 Nov 2019 12:35:39 +0000. Up 34.04 seconds.
[[0;32m  OK  [0m] Started Initial cloud-init job (pre-networking).
[[0;32m  OK  [0m] Reached target Network (Pre).
         Starting Network Service...
[[0;32m  OK  [0m] Started Network Service.
         Starting Wait for Network to be Configured...
         Starting Network Name Resolution...
[[0;32m  OK  [0m] Started Network Name Resolution.
[[0;32m  OK  [0m] Reached target Host and Network Name Lookups.
[[0;32m  OK  [0m] Reached target Network.
[[0;32m  OK  [0m] Started Wait for Network to be Configured.
         Starting Initial cloud-init job (metadata service crawler)...
[   36.937702] cloud-init[706]: Cloud-init v. 19.2-36-g059d049c-0ubuntu2~18.04.1 running 'init' at Wed, 06 Nov 2019 12:35:42 +0000. Up 36.70 seconds.
[[0;32m  OK  [0m] Started Initial cloud-init job (metadata service crawler).
[   37.121008] [cloud-init[0;32m  OK  [0m[706]: ] ci-info: ++++++++++++++++++++++++++++++++++++++Net device info++++++++++++++++++++++++++++++++++++++Reached target Cloud-config availability.

[[0;32m  OK  [0m] Reached target System Initialization.
[   37.283678] cloud-init[706]: ci-info: +--------+------+----------------------------+---------------+--------+-------------------+
[[0;32m  OK  [0m] Started Message of the Day.
[   37.442701] [cloud-init[0;32m  OK  [0m[706]: ] ci-info: | Device |  Up  |          Address           |      Mask     | Scope  |     Hw-Address    |Listening on Open-iSCSI iscsid Socket.

[[0;32m  OK  [0m] Started Daily Cleanup of Temporary Directories.
[   37.688388] cloud-init[706]: ci-info: +--------+------+----------------------------+---------------+--------+-------------------+
[[0;32m  OK  [0m] Listening on D-Bus System Message Bus Socket.
[   37.873039] cloud-init[706]: ci-info: | enp0s3 | True |         10.0.2.15          | 255.255.255.0 | global | 02:c7:16:cf:84:50 |
[[   38.032987] [0;32m  OK  [0mcloud-init] [706]: Started ACPI Events Check.
ci-info: | enp0s3 | True | fe80::c7:16ff:fecf:8450/64 |       .       |  link  | 02:c7:16:cf:84:50 |
[[0;32m  OK  [0m] Reached target Paths.
[   38.172511] cloud-init[706]: ci-info: |   lo   | True |         127.0.0.1          |   255.0.0.0   |  host  |         .         |
[[0;32m  OK  [0m] Started Discard unused blocks once a week.
[   38.303442] [[0;32m  OK  [0m] Listening on ACPID Listen Socket.
[[0;32m  OK  [0m] Started Daily apt download activities.
[[0;32m  OK  [0m] Started Daily apt upgrade and clean activities.
         Starting Socket activation for snappy daemon.
         Starting LXD - unix socket.
[[0;32m  OK  [0m] Listening on UUID daemon activation socket.
[[0;32m  OK  [0m] Started Clean PHP session files every 30 mins.
[[0;32m  OK  [0m] Reached target Timers.
[[0;32m  OK  [0m] Reached target Network is Online.
[[0;32m  OK  [0m] Reached target Remote File Systems (Pre).
[[0;32m  OK  [0m] Reached target Remote File Systems.
         Starting Availability of block devices...
[[0;32m  OK  [0m] Listening on Socket activation for snappy daemon.
cloud-init[706]: ci-info: |   lo   | True |          ::1/128           |       .       |  host  |         .         |
[[0;32m  OK  [0m] Listening on LXD - unix socket.
[   38.322272] cloud-init[706]: ci-info: +--------+------+----------------------------+---------------+--------+-------------------+
[[0;32m  OK  [0m] Started Availability of block devices.
[[0;32m  OK  [0m] Reached target Sockets.
[   38.588238] cloud-init[706]: ci-info: ++++++++++++++++++++++++++++Route IPv4 info+++++++++++++++++++++++++++++
[[0;32m  OK  [0m] Reached target Basic System.
[   38.812296] cloud-init[706]: ci-info: +-------+-------------+----------+-----------------+-----------+-------+
         Starting The Apache HTTP Server...
[   38.875314] cloud-init[706]: ci-info: | Route | Destination | Gateway  |     Genmask     | Interface | Flags |
[[0;32m  OK  [0m] Started D-Bus System Message Bus.
[   38.977225] cloud-init[706]: ci-info: +-------+-------------+----------+-----------------+-----------+-------+
         Starting Clean php session files...
[   38.994783] cloud-init[706]: ci-info: |   0   |   0.0.0.0   | 10.0.2.2 |     0.0.0.0     |   enp0s3  |   UG  |         Starting MySQL Community Server...

[   38.999155]          Starting Login Service...
cloud-init[706]: ci-info: |   1   |   10.0.2.0  | 0.0.0.0  |  255.255.255.0  |   enp0s3  |   U   |
[   39.003191] cloud-init[706]: ci-info: |   2   |   10.0.2.2  | 0.0.0.0  | 255.255.255.255 |   enp0s3  |   UH  |
[   39.005208] cloud-init[706]: ci-info: +-------+-------------+----------+-----------------+-----------+-------+
[[0;32m  OK  [0m] Started Regular background program processing daemon.
[   39.034511] cloud-init[[0;32m  OK  [0m] Started FUSE filesystem for LXC.
[706]: ci-info: +++++++++++++++++++Route IPv6 info+++++++++++++++++++
[   39.041857] cloud-init[706]: ci-info: +-------+-------------+---------+-----------+-------+
[   39.108261] cloud-init[706]: ci-info: | Route | Destination | Gateway | Interface | Flags |
         Starting OpenBSD Secure Shell server...
[   39.213555] cloud-init[706]: ci-info: +-------+-------------+---------+-----------+-------+
         Starting Virtualbox guest utils...
[   39.383921] cloud-init[706]: ci-info: |   1   |  fe80::/64  |    ::   |   enp0s3  |   U   |
         Starting System Logging Service...
         Starting Message of the Day...
         Starting Accounts Service...
[[0;32m  OK  [0m] Started Deferred execution scheduler.
[   39.428715] cloud-init[706]: ci-info: |   3   |    local    |    ::   |   enp0s3  |   U   |
         Starting Dispatcher daemon for systemd-networkd...
         Starting LSB: automatic crash report generation...
         Starting LSB: Record successful boot for GRUB...
         Starting LXD - container startup/shutdown...
         Starting Daily apt upgrade and clean activities...
[   39.533374] cloud-init[706]: ci-info: |   4   |   ff00::/8  |    ::   |   enp0s3  |   U   |
[   39.745756] cloud-init[706]: ci-info: +-------+-------------+---------+-----------+-------+
         Starting Snappy daemon...
[[0;32m  OK  [0m] Started irqbalance daemon.
         Starting Permit User Sessions...
[[0;32m  OK  [0m] Started System Logging Service.
[[0;32m  OK  [0m] Started Dispatcher daemon for systemd-networkd.
[[0;32m  OK  [0m] Started The Apache HTTP Server.
[[0;32m  OK  [0m] Started LXD - container startup/shutdown.
[[0;32m  OK  [0m] Started OpenBSD Secure Shell server.
[[0;32m  OK  [0m] Started Permit User Sessions.
[[0;32m  OK  [0m] Started Login Service.
[[0;32m  OK  [0m] Started LSB: automatic crash report generation.
         Starting Authorization Manager...
[[0;32m  OK  [0m] Started Unattended Upgrades Shutdown.
         Starting Terminate Plymouth Boot Screen...
         Starting Hold until boot process finishes up...
[[0;32m  OK  [0m] Started Terminate Plymouth Boot Screen.
[[0;32m  OK  [0m] Started Hold until boot process finishes up.
[[0;32m  OK  [0m] Started Snappy daemon.
[[0;32m  OK  [0m] Started LSB: Record successful boot for GRUB.
[[0;32m  OK  [0m] Started Authorization Manager.
[[0;32m  OK  [0m] Started Accounts Service.
         Starting Wait until snapd is fully seeded...
[[0;32m  OK  [0m] Started Serial Getty on ttyS0.
         Starting Set console scheme...
[[0;32m  OK  [0m] Started Set console scheme.
[[0;32m  OK  [0m] Created slice system-getty.slice.
[[0;32m  OK  [0m] Started Getty on tty1.
[[0;32m  OK  [0m] Reached target Login Prompts.
[[0;32m  OK  [0m] Started Virtualbox guest utils.
[[0;32m  OK  [0m] Started Wait until snapd is fully seeded.
         Starting Apply the settings specified in cloud-config...
[[0;32m  OK  [0m] Started Clean php session files.
[[0;32m  OK  [0m] Started Message of the Day.
[[0;32m  OK  [0m] Started MySQL Community Server.
[[0;32m  OK  [0m] Reached target Multi-User System.
[[0;32m  OK  [0m] Reached target Graphical Interface.
         Starting Update UTMP about System Runlevel Changes...
[[0;32m  OK  [0m] Started Update UTMP about System Runlevel Changes.
[   41.701206] cloud-init[1343]: Cloud-init v. 19.2-36-g059d049c-0ubuntu2~18.04.1 running 'modules:config' at Wed, 06 Nov 2019 12:35:46 +0000. Up 41.48 seconds.
[[0;32m  OK  [0m] Started Apply the settings specified in cloud-config.
         Starting Execute cloud user/final scripts...
[   42.831489] cloud-init[1487]: Cloud-init v. 19.2-36-g059d049c-0ubuntu2~18.04.1 running 'modules:final' at Wed, 06 Nov 2019 12:35:48 +0000. Up 42.60 seconds.
[   42.844673] cloud-init[1487]: Cloud-init v. 19.2-36-g059d049c-0ubuntu2~18.04.1 finished at Wed, 06 Nov 2019 12:35:48 +0000. Datasource DataSourceNoCloud [seed=/dev/sdb][dsmode=net].  Up 42.81 seconds
[[0;32m  OK  [0m] Started Execute cloud user/final scripts.
[[0;32m  OK  [0m] Reached target Cloud-init target.
[[0;32m  OK  [0m] Created slice User Slice of vagrant.
         Starting User Manager for UID 1000...
[[0;32m  OK  [0m] Started Session 1 of user vagrant.
[[0;32m  OK  [0m] Started User Manager for UID 1000.

Ubuntu 18.04.3 LTS ubuntu-bionic ttyS0

ubuntu-bionic login: 