[2019-12-05T10:00:46.248641+00:00] name.DEBUG: Usuario creado [] []
[2019-12-05T10:02:05.052780+00:00] name.DEBUG: Usuario creado [] []
[2019-12-05T10:15:00.996708+00:00] name.DEBUG: Usuario creado [] []
[2019-12-05T10:15:01.012263+00:00] name.DEBUG: Usuario creado [] []
[2019-12-05T10:15:01.014111+00:00] name.DEBUG: Usuario creado [] []
[2019-12-05T10:15:01.015907+00:00] name.DEBUG: Usuario creado [] []
[2019-12-05T10:15:01.017332+00:00] name.DEBUG: Usuario creado [] []
[2019-12-05T10:15:01.023130+00:00] name.DEBUG: Usuario creado [] []
[2019-12-05T10:15:01.024778+00:00] name.DEBUG: Usuario creado [] []
[2019-12-05T10:15:01.026444+00:00] name.DEBUG: Usuario creado [] []
[2019-12-05T10:15:01.028116+00:00] name.DEBUG: Usuario creado [] []
[2019-12-05T10:15:01.031988+00:00] name.DEBUG: Usuario creado [] []
[2019-12-05T10:15:01.033458+00:00] name.DEBUG: Ejecutando el método desactivarUsuario() por el usuario jean.stark [] []
[2019-12-05T10:15:01.033827+00:00] name.DEBUG: Ejecutando el método login() por el usuario jean.stark [] []
[2019-12-05T10:15:01.034141+00:00] name.DEBUG: Ejecutando el método editarPerfil() por el usuario imcdermott [] []
[2019-12-05T10:15:01.034461+00:00] name.DEBUG: Ejecutando el método showActions() como REGULAR_USER por el usuario imcdermott [] []





[2019-12-11T10:44:24.567132+00:00] name.DEBUG: Usuario creado [] []
[2019-12-11T10:44:24.600937+00:00] name.DEBUG: Usuario creado [] []
[2019-12-11T10:44:24.602470+00:00] name.DEBUG: Usuario creado [] []
[2019-12-11T10:44:24.603855+00:00] name.DEBUG: Usuario creado [] []
[2019-12-11T10:44:24.605202+00:00] name.DEBUG: Usuario creado [] []
[2019-12-11T10:44:24.610423+00:00] name.DEBUG: Usuario creado [] []
[2019-12-11T10:44:24.612314+00:00] name.DEBUG: Usuario creado [] []
[2019-12-11T10:44:24.614976+00:00] name.DEBUG: Usuario creado [] []
[2019-12-11T10:44:24.616785+00:00] name.DEBUG: Usuario creado [] []
[2019-12-11T10:44:24.618751+00:00] name.DEBUG: Usuario creado [] []
[2019-12-11T10:44:24.619977+00:00] name.DEBUG: Ejecutando el método desactivarUsuario() por el usuario marie99 [] []
[2019-12-11T10:44:24.620236+00:00] name.DEBUG: Ejecutando el método login() por el usuario marie99 [] []
[2019-12-11T10:44:24.620484+00:00] name.DEBUG: Ejecutando el método editarPerfil() por el usuario johnston.jazmin [] []
[2019-12-11T10:44:24.620734+00:00] name.DEBUG: Ejecutando el método showActions() como REGULAR_USER por el usuario johnston.jazmin [] []
